0 verbose cli /usr/local/bin/node /usr/local/bin/npm
1 info using npm@10.8.2
2 info using node@v20.19.4
3 silly config load:file:/usr/local/lib/node_modules/npm/npmrc
4 silly config load:file:/data/.npmrc
5 silly config load:file:/usr/src/node-red/.npmrc
6 silly config load:file:/usr/local/etc/npmrc
7 verbose title npm install node-red-contrib-mongodb4@3.1.1
8 verbose argv "install" "--no-audit" "--no-update-notifier" "--no-fund" "--save" "--save-prefix" "~" "--omit" "dev" "--engine-strict" "node-red-contrib-mongodb4@3.1.1"
9 verbose logfile logs-max:10 dir:/data/.npm/_logs/2025-09-02T23_53_06_536Z-
10 verbose logfile /data/.npm/_logs/2025-09-02T23_53_06_536Z-debug-0.log
11 silly packumentCache heap:2197815296 maxSize:549453824 maxEntrySize:274726912
12 silly logfile done cleaning log files
13 silly idealTree buildDeps
14 silly fetch manifest node-red-contrib-mongodb4@3.1.1
15 silly packumentCache full:https://registry.npmjs.org/node-red-contrib-mongodb4 cache-miss
16 http fetch GET 200 https://registry.npmjs.org/node-red-contrib-mongodb4 219ms (cache miss)
17 silly packumentCache full:https://registry.npmjs.org/node-red-contrib-mongodb4 set size:undefined disposed:false
18 silly placeDep ROOT node-red-contrib-mongodb4@3.1.1 OK for: node-red-project@0.0.1 want: 3.1.1
19 silly fetch manifest mongodb@^6.13.1
20 silly packumentCache full:https://registry.npmjs.org/mongodb cache-miss
21 http fetch GET 200 https://registry.npmjs.org/mongodb 169ms (cache miss)
22 silly packumentCache full:https://registry.npmjs.org/mongodb set size:undefined disposed:false
23 silly fetch manifest @aws-sdk/credential-providers@^3.188.0
24 silly packumentCache full:https://registry.npmjs.org/@aws-sdk%2fcredential-providers cache-miss
25 http fetch GET 200 https://registry.npmjs.org/@aws-sdk%2fcredential-providers 188ms (cache miss)
26 silly packumentCache full:https://registry.npmjs.org/@aws-sdk%2fcredential-providers set size:undefined disposed:false
27 silly fetch manifest @mongodb-js/zstd@^1.1.0 || ^2.0.0
28 silly packumentCache full:https://registry.npmjs.org/@mongodb-js%2fzstd cache-miss
29 http fetch GET 200 https://registry.npmjs.org/@mongodb-js%2fzstd 147ms (cache miss)
30 silly packumentCache full:https://registry.npmjs.org/@mongodb-js%2fzstd set size:undefined disposed:false
31 silly fetch manifest gcp-metadata@^5.2.0
32 silly packumentCache full:https://registry.npmjs.org/gcp-metadata cache-miss
33 http fetch GET 200 https://registry.npmjs.org/gcp-metadata 98ms (cache miss)
34 silly packumentCache full:https://registry.npmjs.org/gcp-metadata set size:undefined disposed:false
35 silly fetch manifest kerberos@^2.0.1
36 silly packumentCache full:https://registry.npmjs.org/kerberos cache-miss
37 http fetch GET 200 https://registry.npmjs.org/kerberos 76ms (cache miss)
38 silly packumentCache full:https://registry.npmjs.org/kerberos set size:undefined disposed:false
39 silly fetch manifest mongodb-client-encryption@>=6.0.0 <7
40 silly packumentCache full:https://registry.npmjs.org/mongodb-client-encryption cache-miss
41 http fetch GET 200 https://registry.npmjs.org/mongodb-client-encryption 90ms (cache miss)
42 silly packumentCache full:https://registry.npmjs.org/mongodb-client-encryption set size:undefined disposed:false
43 silly fetch manifest snappy@^7.3.2
44 silly packumentCache full:https://registry.npmjs.org/snappy cache-miss
45 http fetch GET 200 https://registry.npmjs.org/snappy 113ms (cache miss)
46 silly packumentCache full:https://registry.npmjs.org/snappy set size:undefined disposed:false
47 silly fetch manifest socks@^2.7.1
48 silly packumentCache full:https://registry.npmjs.org/socks cache-miss
49 http fetch GET 200 https://registry.npmjs.org/socks 140ms (cache miss)
50 silly packumentCache full:https://registry.npmjs.org/socks set size:undefined disposed:false
51 silly placeDep ROOT mongodb@6.19.0 OK for: node-red-contrib-mongodb4@3.1.1 want: ^6.13.1
52 silly fetch manifest bson@^6.10.4
53 silly packumentCache full:https://registry.npmjs.org/bson cache-miss
54 silly fetch manifest @mongodb-js/saslprep@^1.1.9
55 silly packumentCache full:https://registry.npmjs.org/@mongodb-js%2fsaslprep cache-miss
56 silly fetch manifest mongodb-connection-string-url@^3.0.0
57 silly packumentCache full:https://registry.npmjs.org/mongodb-connection-string-url cache-miss
58 http fetch GET 200 https://registry.npmjs.org/mongodb-connection-string-url 89ms (cache miss)
59 silly packumentCache full:https://registry.npmjs.org/mongodb-connection-string-url set size:undefined disposed:false
60 http fetch GET 200 https://registry.npmjs.org/bson 178ms (cache miss)
61 silly packumentCache full:https://registry.npmjs.org/bson set size:undefined disposed:false
62 http fetch GET 200 https://registry.npmjs.org/@mongodb-js%2fsaslprep 397ms (cache miss)
63 silly packumentCache full:https://registry.npmjs.org/@mongodb-js%2fsaslprep set size:undefined disposed:false
64 silly placeDep ROOT @mongodb-js/saslprep@1.3.0 OK for: mongodb@6.19.0 want: ^1.1.9
65 silly placeDep ROOT bson@6.10.4 OK for: mongodb@6.19.0 want: ^6.10.4
66 silly placeDep ROOT mongodb-connection-string-url@3.0.2 OK for: mongodb@6.19.0 want: ^3.0.0
67 silly fetch manifest sparse-bitfield@^3.0.3
68 silly packumentCache full:https://registry.npmjs.org/sparse-bitfield cache-miss
69 silly fetch manifest whatwg-url@^14.1.0 || ^13.0.0
70 silly packumentCache full:https://registry.npmjs.org/whatwg-url cache-miss
71 silly fetch manifest @types/whatwg-url@^11.0.2
72 silly packumentCache full:https://registry.npmjs.org/@types%2fwhatwg-url cache-miss
73 http fetch GET 200 https://registry.npmjs.org/@types%2fwhatwg-url 100ms (cache miss)
74 silly packumentCache full:https://registry.npmjs.org/@types%2fwhatwg-url set size:undefined disposed:false
75 http fetch GET 200 https://registry.npmjs.org/sparse-bitfield 125ms (cache miss)
76 silly packumentCache full:https://registry.npmjs.org/sparse-bitfield set size:undefined disposed:false
77 http fetch GET 200 https://registry.npmjs.org/whatwg-url 127ms (cache miss)
78 silly packumentCache full:https://registry.npmjs.org/whatwg-url set size:undefined disposed:false
79 silly placeDep ROOT sparse-bitfield@3.0.3 OK for: @mongodb-js/saslprep@1.3.0 want: ^3.0.3
80 silly fetch manifest memory-pager@^1.0.2
81 silly packumentCache full:https://registry.npmjs.org/memory-pager cache-miss
82 http fetch GET 200 https://registry.npmjs.org/memory-pager 74ms (cache miss)
83 silly packumentCache full:https://registry.npmjs.org/memory-pager set size:undefined disposed:false
84 silly placeDep ROOT @types/whatwg-url@11.0.5 OK for: mongodb-connection-string-url@3.0.2 want: ^11.0.2
85 silly placeDep ROOT whatwg-url@14.2.0 OK for: mongodb-connection-string-url@3.0.2 want: ^14.1.0 || ^13.0.0
86 silly fetch manifest @types/webidl-conversions@*
87 silly packumentCache full:https://registry.npmjs.org/@types%2fwebidl-conversions cache-miss
88 silly fetch manifest tr46@^5.1.0
89 silly packumentCache full:https://registry.npmjs.org/tr46 cache-miss
90 silly fetch manifest webidl-conversions@^7.0.0
91 silly packumentCache full:https://registry.npmjs.org/webidl-conversions cache-miss
92 http fetch GET 200 https://registry.npmjs.org/@types%2fwebidl-conversions 109ms (cache miss)
93 silly packumentCache full:https://registry.npmjs.org/@types%2fwebidl-conversions set size:undefined disposed:false
94 http fetch GET 200 https://registry.npmjs.org/tr46 112ms (cache miss)
95 silly packumentCache full:https://registry.npmjs.org/tr46 set size:undefined disposed:false
96 http fetch GET 200 https://registry.npmjs.org/webidl-conversions 140ms (cache miss)
97 silly packumentCache full:https://registry.npmjs.org/webidl-conversions set size:undefined disposed:false
98 silly placeDep ROOT @types/webidl-conversions@7.0.3 OK for: @types/whatwg-url@11.0.5 want: *
99 silly placeDep ROOT memory-pager@1.5.0 OK for: sparse-bitfield@3.0.3 want: ^1.0.2
100 silly placeDep ROOT tr46@5.1.1 OK for: whatwg-url@14.2.0 want: ^5.1.0
101 silly placeDep ROOT webidl-conversions@7.0.0 OK for: whatwg-url@14.2.0 want: ^7.0.0
102 silly fetch manifest punycode@^2.3.1
103 silly packumentCache full:https://registry.npmjs.org/punycode cache-miss
104 http fetch GET 200 https://registry.npmjs.org/punycode 84ms (cache miss)
105 silly packumentCache full:https://registry.npmjs.org/punycode set size:undefined disposed:false
106 silly placeDep ROOT punycode@2.3.1 OK for: tr46@5.1.1 want: ^2.3.1
107 silly reify moves {}
108 silly tarball no local data for punycode@https://registry.npmjs.org/punycode/-/punycode-2.3.1.tgz. Extracting by manifest.
109 silly tarball no local data for memory-pager@https://registry.npmjs.org/memory-pager/-/memory-pager-1.5.0.tgz. Extracting by manifest.
110 silly tarball no local data for tr46@https://registry.npmjs.org/tr46/-/tr46-5.1.1.tgz. Extracting by manifest.
111 silly tarball no local data for webidl-conversions@https://registry.npmjs.org/webidl-conversions/-/webidl-conversions-7.0.0.tgz. Extracting by manifest.
112 silly tarball no local data for whatwg-url@https://registry.npmjs.org/whatwg-url/-/whatwg-url-14.2.0.tgz. Extracting by manifest.
113 silly tarball no local data for mongodb-connection-string-url@https://registry.npmjs.org/mongodb-connection-string-url/-/mongodb-connection-string-url-3.0.2.tgz. Extracting by manifest.
114 silly tarball no local data for sparse-bitfield@https://registry.npmjs.org/sparse-bitfield/-/sparse-bitfield-3.0.3.tgz. Extracting by manifest.
115 silly tarball no local data for mongodb@https://registry.npmjs.org/mongodb/-/mongodb-6.19.0.tgz. Extracting by manifest.
116 silly tarball no local data for @types/webidl-conversions@https://registry.npmjs.org/@types/webidl-conversions/-/webidl-conversions-7.0.3.tgz. Extracting by manifest.
117 silly tarball no local data for @types/whatwg-url@https://registry.npmjs.org/@types/whatwg-url/-/whatwg-url-11.0.5.tgz. Extracting by manifest.
118 silly tarball no local data for bson@https://registry.npmjs.org/bson/-/bson-6.10.4.tgz. Extracting by manifest.
119 silly tarball no local data for node-red-contrib-mongodb4@https://registry.npmjs.org/node-red-contrib-mongodb4/-/node-red-contrib-mongodb4-3.1.1.tgz. Extracting by manifest.
120 silly tarball no local data for @mongodb-js/saslprep@https://registry.npmjs.org/@mongodb-js/saslprep/-/saslprep-1.3.0.tgz. Extracting by manifest.
121 http fetch GET 200 https://registry.npmjs.org/tr46/-/tr46-5.1.1.tgz 279ms (cache miss)
122 http fetch GET 200 https://registry.npmjs.org/memory-pager/-/memory-pager-1.5.0.tgz 283ms (cache miss)
123 http fetch GET 200 https://registry.npmjs.org/@types/whatwg-url/-/whatwg-url-11.0.5.tgz 289ms (cache miss)
124 http fetch GET 200 https://registry.npmjs.org/punycode/-/punycode-2.3.1.tgz 302ms (cache miss)
125 http fetch GET 200 https://registry.npmjs.org/webidl-conversions/-/webidl-conversions-7.0.0.tgz 315ms (cache miss)
126 http fetch GET 200 https://registry.npmjs.org/sparse-bitfield/-/sparse-bitfield-3.0.3.tgz 312ms (cache miss)
127 http fetch GET 200 https://registry.npmjs.org/@types/webidl-conversions/-/webidl-conversions-7.0.3.tgz 321ms (cache miss)
128 http fetch GET 200 https://registry.npmjs.org/mongodb-connection-string-url/-/mongodb-connection-string-url-3.0.2.tgz 330ms (cache miss)
129 http fetch GET 200 https://registry.npmjs.org/whatwg-url/-/whatwg-url-14.2.0.tgz 441ms (cache miss)
130 http fetch GET 200 https://registry.npmjs.org/node-red-contrib-mongodb4/-/node-red-contrib-mongodb4-3.1.1.tgz 432ms (cache miss)
131 http fetch GET 200 https://registry.npmjs.org/@mongodb-js/saslprep/-/saslprep-1.3.0.tgz 481ms (cache miss)
132 http fetch GET 200 https://registry.npmjs.org/bson/-/bson-6.10.4.tgz 820ms (cache miss)
133 http fetch GET 200 https://registry.npmjs.org/mongodb/-/mongodb-6.19.0.tgz 1635ms (cache miss)
134 silly ADD node_modules/punycode
135 silly ADD node_modules/webidl-conversions
136 silly ADD node_modules/tr46
137 silly ADD node_modules/memory-pager
138 silly ADD node_modules/@types/webidl-conversions
139 silly ADD node_modules/whatwg-url
140 silly ADD node_modules/@types/whatwg-url
141 silly ADD node_modules/sparse-bitfield
142 silly ADD node_modules/mongodb-connection-string-url
143 silly ADD node_modules/bson
144 silly ADD node_modules/@mongodb-js/saslprep
145 silly ADD node_modules/mongodb
146 silly ADD node_modules/node-red-contrib-mongodb4
147 verbose cwd /data
148 verbose os Linux 5.15.167.4-microsoft-standard-WSL2
149 verbose node v20.19.4
150 verbose npm  v10.8.2
151 verbose exit 0
152 info ok
